<?xml version="1.0" encoding="UTF-8"?>
<!-- Generated by org.testng.reporters.JUnitReportReporter -->
<testsuite hostname="DESKTOP-UM6VG8G" failures="0" tests="1" name="Testscripts.Signin" time="10.795" errors="0" timestamp="2025-01-21T13:57:28 IST" skipped="0">
  <testcase classname="Testscripts.Signin" name="SignIn" time="10.795"/>
  <system-out>
    <![CDATA[Sign-in successfully completed
Logout Successfully completed]]>
  </system-out>
</testsuite> <!-- Testscripts.Signin -->
