<?xml version="1.0" encoding="UTF-8"?>
<!-- Generated by org.testng.reporters.JUnitReportReporter -->
<testsuite hostname="DESKTOP-UM6VG8G" failures="0" tests="1" name="Testscripts.Signin" time="9.255" errors="0" timestamp="2025-01-21T11:48:06 IST" skipped="0">
  <testcase classname="Testscripts.Signin" name="SignIn" time="9.255"/>
  <system-out>
    <![CDATA[Sign-in successfully completed]]>
  </system-out>
</testsuite> <!-- Testscripts.Signin -->
