<?xml version="1.0" encoding="UTF-8"?>
<!-- Generated by org.testng.reporters.JUnitReportReporter -->
<testsuite hostname="DESKTOP-UM6VG8G" failures="0" tests="1" name="Testscripts.Verify_CategoryPage_Functionality" time="14.480" errors="0" timestamp="2025-01-21T13:57:28 IST" skipped="0">
  <testcase classname="Testscripts.Verify_CategoryPage_Functionality" name="verify_Functiobality" time="14.480"/>
  <system-out>
    <![CDATA[Items 21-40 of 133
Sort By
 Position
 Product Name
 Price
Set Descending Direction
Items 1-20 of 133
Sort By
 Position
 Product Name
 Price
Set Descending Direction
Pagination is working
Readmore Button is working
Readless Button is working
Items 1-20 of 133
Sort By
 Position
 Product Name
 Price
Set Descending Direction
Items 1-20 of 133
Sort By
 Position
 Product Name
 Price
Set Ascending Direction
Sortby filter & Ascending/Descending working
Price
$100.00 - $199.99
Remove This Item
Manufacturer
Fortune Healthcare, India
Remove This Item
Manufacturer & Price filtered By Options is working]]>
  </system-out>
</testsuite> <!-- Testscripts.Verify_CategoryPage_Functionality -->
