<?xml version="1.0" encoding="UTF-8"?>
<!-- Generated by org.testng.reporters.JUnitReportReporter -->
<testsuite hostname="DESKTOP-UM6VG8G" failures="0" tests="1" name="Testcases.TC001" time="33.839" errors="0" timestamp="2025-01-18T14:11:14 IST" skipped="0">
  <testcase classname="Testcases.TC001" name="Order" time="33.839"/>
  <system-out>
    <![CDATA[Passed]]>
  </system-out>
</testsuite> <!-- Testcases.TC001 -->
