<?xml version="1.0" encoding="UTF-8"?>
<!-- Generated by org.testng.reporters.JUnitReportReporter -->
<testsuite hostname="DESKTOP-UM6VG8G" failures="0" tests="1" name="Testcases.TC001" time="34.668" errors="0" timestamp="2025-01-16T12:28:03 IST" skipped="0">
  <testcase classname="Testcases.TC001" name="Order" time="34.668"/>
  <system-out>
    <![CDATA[Passed]]>
  </system-out>
</testsuite> <!-- Testcases.TC001 -->
